Started GET "/" for 127.0.0.1 at 2017-02-17 06:07:05 -0800
Processing by HomeController#index as HTML
  Rendering home/index.html.erb within layouts/application
  Rendered home/index.html.erb within layouts/application (2.5ms)
Completed 200 OK in 1585ms (Views: 1562.0ms | ActiveRecord: 0.0ms)


Started GET "/" for 127.0.0.1 at 2017-02-17 06:18:10 -0800
Processing by HomeController#index as HTML
  Rendering home/index.html.erb within layouts/application
  Rendered home/index.html.erb within layouts/application (531.9ms)
Completed 500 Internal Server Error in 562ms (ActiveRecord: 0.0ms)


  
ActionView::Template::Error (undefined local variable or method `home_index_path' for #<#<Class:0x00000003a878e0>:0x000000037e68e8>
Did you mean?  home_faq_path):
    1: <%= link_to "Strona glowna", home_index_path %>
    2: <%= link_to "Strona o mnie", home_about_path %>
    3: <h1>Witaj</h1>
    4: <p>Strona domowa</p>
  
app/views/home/index.html.erb:1:in `_app_views_home_index_html_erb___4088141659994621953_29418120'
  Rendering /var/lib/gems/2.3.0/gems/actionpack-5.0.1/lib/action_dispatch/middleware/templates/rescues/template_error.html.erb within rescues/layout
  Rendering /var/lib/gems/2.3.0/gems/actionpack-5.0.1/lib/action_dispatch/middleware/templates/rescues/_source.html.erb
  Rendered /var/lib/gems/2.3.0/gems/actionpack-5.0.1/lib/action_dispatch/middleware/templates/rescues/_source.html.erb (29.1ms)
  Rendering /var/lib/gems/2.3.0/gems/actionpack-5.0.1/lib/action_dispatch/middleware/templates/rescues/_trace.html.erb
  Rendered /var/lib/gems/2.3.0/gems/actionpack-5.0.1/lib/action_dispatch/middleware/templates/rescues/_trace.html.erb (13.2ms)
  Rendering /var/lib/gems/2.3.0/gems/actionpack-5.0.1/lib/action_dispatch/middleware/templates/rescues/_request_and_response.html.erb
  Rendered /var/lib/gems/2.3.0/gems/actionpack-5.0.1/lib/action_dispatch/middleware/templates/rescues/_request_and_response.html.erb (2.6ms)
  Rendered /var/lib/gems/2.3.0/gems/actionpack-5.0.1/lib/action_dispatch/middleware/templates/rescues/template_error.html.erb within rescues/layout (121.4ms)
Started GET "/" for 127.0.0.1 at 2017-02-17 06:18:58 -0800
Processing by HomeController#index as HTML
  Rendering home/index.html.erb within layouts/application
  Rendered home/index.html.erb within layouts/application (2.4ms)
Completed 200 OK in 133ms (Views: 124.9ms | ActiveRecord: 0.0ms)


Started GET "/home/about" for 127.0.0.1 at 2017-02-17 06:19:03 -0800
Processing by HomeController#about as HTML
  Rendering home/about.html.erb within layouts/application
  Rendered home/about.html.erb within layouts/application (0.8ms)
Completed 200 OK in 160ms (Views: 122.1ms | ActiveRecord: 0.0ms)


Started GET "/" for 127.0.0.1 at 2017-02-17 06:20:04 -0800
Processing by HomeController#index as HTML
  Rendering home/index.html.erb within layouts/application
  Rendered home/index.html.erb within layouts/application (2.9ms)
Completed 200 OK in 123ms (Views: 121.0ms | ActiveRecord: 0.0ms)


Started GET "/home/about" for 127.0.0.1 at 2017-02-17 06:20:07 -0800
Processing by HomeController#about as HTML
  Rendering home/about.html.erb within layouts/application
  Rendered home/about.html.erb within layouts/application (4.2ms)
Completed 200 OK in 136ms (Views: 133.8ms | ActiveRecord: 0.0ms)


Started GET "/home/about" for 127.0.0.1 at 2017-02-17 06:20:33 -0800
Processing by HomeController#about as HTML
  Rendering home/about.html.erb within layouts/application
  Rendered home/about.html.erb within layouts/application (1.4ms)
Completed 200 OK in 131ms (Views: 128.8ms | ActiveRecord: 0.0ms)


Started GET "/" for 127.0.0.1 at 2017-02-17 06:20:37 -0800
Processing by HomeController#index as HTML
  Rendering home/index.html.erb within layouts/application
  Rendered home/index.html.erb within layouts/application (2.6ms)
Completed 200 OK in 134ms (Views: 131.3ms | ActiveRecord: 0.0ms)


Started GET "/" for 127.0.0.1 at 2017-02-17 06:40:45 -0800
Processing by HomeController#index as HTML
  Rendering home/index.html.erb within layouts/application
  Rendered home/index.html.erb within layouts/application (3.0ms)
Completed 200 OK in 135ms (Views: 114.6ms | ActiveRecord: 0.0ms)


Started GET "/" for 192.168.0.8 at 2017-02-17 06:44:56 -0800
Cannot render console from 192.168.0.8! Allowed networks: 127.0.0.1, ::1, 127.0.0.0/127.255.255.255
Processing by HomeController#index as HTML
  Rendering home/index.html.erb within layouts/application
  Rendered home/index.html.erb within layouts/application (3.5ms)
Completed 200 OK in 71ms (Views: 68.8ms | ActiveRecord: 0.0ms)


Started GET "/home/about" for 192.168.0.8 at 2017-02-17 06:44:59 -0800
Cannot render console from 192.168.0.8! Allowed networks: 127.0.0.1, ::1, 127.0.0.0/127.255.255.255
Processing by HomeController#about as HTML
  Rendering home/about.html.erb within layouts/application
  Rendered home/about.html.erb within layouts/application (9.9ms)
Completed 200 OK in 104ms (Views: 98.2ms | ActiveRecord: 0.0ms)


Started GET "/" for 192.168.0.8 at 2017-02-17 06:45:01 -0800
Cannot render console from 192.168.0.8! Allowed networks: 127.0.0.1, ::1, 127.0.0.0/127.255.255.255
Processing by HomeController#index as HTML
  Rendering home/index.html.erb within layouts/application
  Rendered home/index.html.erb within layouts/application (7.1ms)
Completed 200 OK in 95ms (Views: 92.7ms | ActiveRecord: 0.0ms)


Started GET "/home/about" for 192.168.0.8 at 2017-02-17 06:45:03 -0800
Cannot render console from 192.168.0.8! Allowed networks: 127.0.0.1, ::1, 127.0.0.0/127.255.255.255
Processing by HomeController#about as HTML
  Rendering home/about.html.erb within layouts/application
  Rendered home/about.html.erb within layouts/application (4.4ms)
Completed 200 OK in 138ms (Views: 130.9ms | ActiveRecord: 0.0ms)


Started GET "/" for 192.168.0.8 at 2017-02-17 06:45:05 -0800
Started GET "/" for 192.168.0.8 at 2017-02-17 06:45:05 -0800
Cannot render console from 192.168.0.8! Allowed networks: 127.0.0.1, ::1, 127.0.0.0/127.255.255.255
Cannot render console from 192.168.0.8! Allowed networks: 127.0.0.1, ::1, 127.0.0.0/127.255.255.255
Processing by HomeController#index as HTML
Processing by HomeController#index as HTML
  Rendering home/index.html.erb within layouts/application
  Rendered home/index.html.erb within layouts/application (2.9ms)
  Rendering home/index.html.erb within layouts/application
  Rendered home/index.html.erb within layouts/application (0.7ms)
Completed 200 OK in 117ms (Views: 110.5ms | ActiveRecord: 0.0ms)


Completed 200 OK in 128ms (Views: 112.7ms | ActiveRecord: 0.0ms)


Started GET "/" for 127.0.0.1 at 2017-02-17 06:55:37 -0800
Processing by HomeController#index as HTML
  Rendering home/index.html.erb within layouts/application
  Rendered home/_header.html.erb (12.7ms)
  Rendered home/index.html.erb within layouts/application (17.8ms)
Completed 200 OK in 154ms (Views: 149.6ms | ActiveRecord: 0.0ms)


Started GET "/home/about" for 127.0.0.1 at 2017-02-17 06:55:41 -0800
Processing by HomeController#about as HTML
  Rendering home/about.html.erb within layouts/application
  Rendered home/_header.html.erb (18.0ms)
  Rendered home/about.html.erb within layouts/application (25.8ms)
Completed 200 OK in 162ms (Views: 160.2ms | ActiveRecord: 0.0ms)


Started GET "/" for 127.0.0.1 at 2017-02-17 06:55:44 -0800
Processing by HomeController#index as HTML
  Rendering home/index.html.erb within layouts/application
  Rendered home/_header.html.erb (15.3ms)
  Rendered home/index.html.erb within layouts/application (18.0ms)
Completed 200 OK in 139ms (Views: 136.1ms | ActiveRecord: 0.0ms)


Started GET "/" for 127.0.0.1 at 2017-02-17 06:56:52 -0800
Processing by HomeController#index as HTML
  Rendering home/index.html.erb within layouts/application
  Rendered home/_header.html.erb (1.6ms)
  Rendered home/index.html.erb within layouts/application (23.3ms)
Completed 200 OK in 165ms (Views: 162.1ms | ActiveRecord: 0.0ms)


Started GET "/home/about" for 127.0.0.1 at 2017-02-17 06:56:55 -0800
Processing by HomeController#about as HTML
  Rendering home/about.html.erb within layouts/application
  Rendered home/about.html.erb within layouts/application (0.8ms)
Completed 200 OK in 137ms (Views: 132.7ms | ActiveRecord: 0.0ms)


Started GET "/" for 127.0.0.1 at 2017-02-17 07:07:37 -0800
Processing by HomeController#index as HTML
  Rendering home/index.html.erb within layouts/application
  Rendered home/_header.html.erb (1.2ms)
  Rendered home/index.html.erb within layouts/application (8.9ms)
  Rendered home/_header.html.erb (0.6ms)
Completed 200 OK in 157ms (Views: 142.9ms | ActiveRecord: 0.0ms)


Started GET "/" for 127.0.0.1 at 2017-02-17 07:07:44 -0800
Processing by HomeController#index as HTML
  Rendering home/index.html.erb within layouts/application
  Rendered home/_header.html.erb (1.4ms)
  Rendered home/index.html.erb within layouts/application (25.1ms)
  Rendered home/_header.html.erb (0.4ms)
Completed 200 OK in 184ms (Views: 181.1ms | ActiveRecord: 0.0ms)


Started GET "/" for 127.0.0.1 at 2017-02-17 07:08:16 -0800
Processing by HomeController#index as HTML
  Rendering home/index.html.erb within layouts/application
  Rendered home/index.html.erb within layouts/application (1.2ms)
  Rendered home/_header.html.erb (1.3ms)
Completed 200 OK in 150ms (Views: 147.3ms | ActiveRecord: 0.0ms)


Started GET "/" for 127.0.0.1 at 2017-02-17 07:08:20 -0800
Processing by HomeController#index as HTML
  Rendering home/index.html.erb within layouts/application
  Rendered home/index.html.erb within layouts/application (2.0ms)
  Rendered home/_header.html.erb (4.5ms)
Completed 200 OK in 159ms (Views: 156.7ms | ActiveRecord: 0.0ms)


Started GET "/home/about" for 127.0.0.1 at 2017-02-17 07:08:22 -0800
Processing by HomeController#about as HTML
  Rendering home/about.html.erb within layouts/application
  Rendered home/about.html.erb within layouts/application (3.2ms)
  Rendered home/_header.html.erb (1.4ms)
Completed 200 OK in 148ms (Views: 145.3ms | ActiveRecord: 0.0ms)


Started GET "/home/about" for 127.0.0.1 at 2017-02-17 09:02:03 -0800
Processing by HomeController#about as HTML
  Rendering home/about.html.erb within layouts/application
  Rendered home/about.html.erb within layouts/application (3.7ms)
  Rendered home/_header.html.erb (1.1ms)
Completed 200 OK in 6630ms (Views: 6595.7ms | ActiveRecord: 0.0ms)


Started GET "/" for 127.0.0.1 at 2017-02-17 09:02:17 -0800
Processing by HomeController#index as HTML
  Rendering home/index.html.erb within layouts/application
  Rendered home/index.html.erb within layouts/application (1.3ms)
  Rendered home/_header.html.erb (2.0ms)
Completed 200 OK in 287ms (Views: 283.8ms | ActiveRecord: 0.0ms)


Started GET "/home/about" for 127.0.0.1 at 2017-02-17 09:02:21 -0800
Processing by HomeController#about as HTML
  Rendering home/about.html.erb within layouts/application
  Rendered home/about.html.erb within layouts/application (1.6ms)
  Rendered home/_header.html.erb (6.9ms)
Completed 200 OK in 295ms (Views: 292.0ms | ActiveRecord: 0.0ms)


Started GET "/" for 127.0.0.1 at 2017-02-17 09:02:23 -0800
Processing by HomeController#index as HTML
  Rendering home/index.html.erb within layouts/application
  Rendered home/index.html.erb within layouts/application (0.8ms)
  Rendered home/_header.html.erb (1.4ms)
Completed 200 OK in 193ms (Views: 191.0ms | ActiveRecord: 0.0ms)


Started GET "/home/about" for 127.0.0.1 at 2017-02-17 09:02:25 -0800
Processing by HomeController#about as HTML
  Rendering home/about.html.erb within layouts/application
  Rendered home/about.html.erb within layouts/application (0.9ms)
  Rendered home/_header.html.erb (2.9ms)
Completed 200 OK in 247ms (Views: 245.0ms | ActiveRecord: 0.0ms)


Started GET "/" for 127.0.0.1 at 2017-02-17 09:02:28 -0800
Processing by HomeController#index as HTML
  Rendering home/index.html.erb within layouts/application
  Rendered home/index.html.erb within layouts/application (1.3ms)
  Rendered home/_header.html.erb (1.8ms)
Completed 200 OK in 222ms (Views: 217.8ms | ActiveRecord: 0.0ms)


Started GET "/" for 127.0.0.1 at 2017-02-17 09:04:14 -0800
Processing by HomeController#index as HTML
  Rendering home/index.html.erb within layouts/application
  Rendered home/index.html.erb within layouts/application (1.4ms)
  Rendered home/_header.html.erb (1.5ms)
Completed 200 OK in 207ms (Views: 199.5ms | ActiveRecord: 0.0ms)


Started GET "/" for 127.0.0.1 at 2017-02-17 09:04:24 -0800
Processing by HomeController#index as HTML
  Rendering home/index.html.erb within layouts/application
  Rendered home/index.html.erb within layouts/application (0.8ms)
  Rendered home/_header.html.erb (1.8ms)
Completed 200 OK in 144ms (Views: 141.9ms | ActiveRecord: 0.0ms)


Started GET "/home/about" for 127.0.0.1 at 2017-02-17 09:04:26 -0800
Processing by HomeController#about as HTML
  Rendering home/about.html.erb within layouts/application
  Rendered home/about.html.erb within layouts/application (1.4ms)
  Rendered home/_header.html.erb (6.8ms)
Completed 200 OK in 259ms (Views: 256.8ms | ActiveRecord: 0.0ms)


Started GET "/" for 127.0.0.1 at 2017-02-17 09:04:29 -0800
Processing by HomeController#index as HTML
  Rendering home/index.html.erb within layouts/application
  Rendered home/index.html.erb within layouts/application (1.2ms)
  Rendered home/_header.html.erb (1.9ms)
Completed 200 OK in 252ms (Views: 249.3ms | ActiveRecord: 0.0ms)


Started GET "/home/about" for 127.0.0.1 at 2017-02-17 09:04:31 -0800
Processing by HomeController#about as HTML
  Rendering home/about.html.erb within layouts/application
  Rendered home/about.html.erb within layouts/application (8.8ms)
  Rendered home/_header.html.erb (5.1ms)
Completed 200 OK in 253ms (Views: 243.5ms | ActiveRecord: 0.0ms)


Started GET "/" for 127.0.0.1 at 2017-02-17 09:06:49 -0800
Processing by HomeController#index as HTML
  Rendering home/index.html.erb within layouts/application
  Rendered home/index.html.erb within layouts/application (1.2ms)
  Rendered home/_header.html.erb (5.3ms)
Completed 200 OK in 280ms (Views: 277.2ms | ActiveRecord: 0.0ms)


Started GET "/" for 127.0.0.1 at 2017-02-17 09:08:47 -0800
Processing by HomeController#index as HTML
  Rendering home/index.html.erb within layouts/application
  Rendered home/index.html.erb within layouts/application (1.7ms)
  Rendered home/_header.html.erb (1.2ms)
Completed 200 OK in 216ms (Views: 201.8ms | ActiveRecord: 0.0ms)


Started GET "/" for 127.0.0.1 at 2017-02-17 09:08:52 -0800
Processing by HomeController#index as HTML
  Rendering home/index.html.erb within layouts/application
  Rendered home/index.html.erb within layouts/application (4.4ms)
  Rendered home/_header.html.erb (1.3ms)
Completed 200 OK in 257ms (Views: 254.7ms | ActiveRecord: 0.0ms)


Started GET "/home/about" for 127.0.0.1 at 2017-02-17 09:08:54 -0800
Processing by HomeController#about as HTML
  Rendering home/about.html.erb within layouts/application
  Rendered home/about.html.erb within layouts/application (1.1ms)
  Rendered home/_header.html.erb (1.3ms)
Completed 200 OK in 226ms (Views: 224.2ms | ActiveRecord: 0.0ms)


Started GET "/" for 127.0.0.1 at 2017-02-17 09:08:57 -0800
Processing by HomeController#index as HTML
  Rendering home/index.html.erb within layouts/application
  Rendered home/index.html.erb within layouts/application (7.5ms)
  Rendered home/_header.html.erb (8.7ms)
Completed 200 OK in 340ms (Views: 318.8ms | ActiveRecord: 0.0ms)


Started GET "/" for 127.0.0.1 at 2017-02-17 09:12:16 -0800
Processing by HomeController#index as HTML
  Rendering home/index.html.erb within layouts/application
  Rendered home/index.html.erb within layouts/application (2.6ms)
  Rendered home/_header.html.erb (0.6ms)
Completed 200 OK in 129ms (Views: 127.4ms | ActiveRecord: 0.0ms)


Started GET "/" for 127.0.0.1 at 2017-02-17 09:13:44 -0800
Processing by HomeController#index as HTML
  Rendering home/index.html.erb within layouts/application
  Rendered home/index.html.erb within layouts/application (1.6ms)
  Rendered home/_header.html.erb (1.6ms)
Completed 200 OK in 270ms (Views: 260.9ms | ActiveRecord: 0.0ms)


Started GET "/" for 127.0.0.1 at 2017-02-17 09:30:32 -0800
Processing by HomeController#index as HTML
  Rendering home/index.html.erb within layouts/application
  Rendered home/index.html.erb within layouts/application (3.4ms)
  Rendered home/_header.html.erb (1.7ms)
Completed 200 OK in 292ms (Views: 284.1ms | ActiveRecord: 0.0ms)


Started GET "/" for 127.0.0.1 at 2017-02-17 09:30:40 -0800
Processing by HomeController#index as HTML
  Rendering home/index.html.erb within layouts/application
  Rendered home/index.html.erb within layouts/application (1.7ms)
  Rendered home/_header.html.erb (5.8ms)
Completed 200 OK in 201ms (Views: 198.9ms | ActiveRecord: 0.0ms)


Started GET "/" for 127.0.0.1 at 2017-02-17 09:30:42 -0800
Processing by HomeController#index as HTML
  Rendering home/index.html.erb within layouts/application
  Rendered home/index.html.erb within layouts/application (1.4ms)
  Rendered home/_header.html.erb (4.4ms)
Completed 200 OK in 137ms (Views: 134.9ms | ActiveRecord: 0.0ms)


Started GET "/" for 127.0.0.1 at 2017-02-17 09:30:43 -0800
Processing by HomeController#index as HTML
  Rendering home/index.html.erb within layouts/application
  Rendered home/index.html.erb within layouts/application (16.7ms)
  Rendered home/_header.html.erb (1.8ms)
Completed 200 OK in 209ms (Views: 206.1ms | ActiveRecord: 0.0ms)


Started GET "/" for 127.0.0.1 at 2017-02-17 09:30:44 -0800
Processing by HomeController#index as HTML
  Rendering home/index.html.erb within layouts/application
  Rendered home/index.html.erb within layouts/application (10.8ms)
  Rendered home/_header.html.erb (3.6ms)
Completed 200 OK in 198ms (Views: 195.3ms | ActiveRecord: 0.0ms)


Started GET "/" for 127.0.0.1 at 2017-02-17 09:30:45 -0800
Processing by HomeController#index as HTML
  Rendering home/index.html.erb within layouts/application
  Rendered home/index.html.erb within layouts/application (1.3ms)
  Rendered home/_header.html.erb (2.2ms)
Completed 200 OK in 200ms (Views: 196.3ms | ActiveRecord: 0.0ms)


Started GET "/" for 127.0.0.1 at 2017-02-17 09:30:48 -0800
Processing by HomeController#index as HTML
  Rendering home/index.html.erb within layouts/application
  Rendered home/index.html.erb within layouts/application (5.2ms)
  Rendered home/_header.html.erb (1.3ms)
Completed 200 OK in 233ms (Views: 230.4ms | ActiveRecord: 0.0ms)


Started GET "/" for 127.0.0.1 at 2017-02-17 09:30:49 -0800
Processing by HomeController#index as HTML
  Rendering home/index.html.erb within layouts/application
  Rendered home/index.html.erb within layouts/application (1.6ms)
  Rendered home/_header.html.erb (5.2ms)
Completed 200 OK in 184ms (Views: 181.9ms | ActiveRecord: 0.0ms)


Started GET "/" for 127.0.0.1 at 2017-02-17 09:30:51 -0800
Processing by HomeController#index as HTML
  Rendering home/index.html.erb within layouts/application
  Rendered home/index.html.erb within layouts/application (4.6ms)
  Rendered home/_header.html.erb (4.2ms)
Completed 200 OK in 245ms (Views: 240.7ms | ActiveRecord: 0.0ms)


Started GET "/" for 127.0.0.1 at 2017-02-17 09:30:52 -0800
Processing by HomeController#index as HTML
  Rendering home/index.html.erb within layouts/application
  Rendered home/index.html.erb within layouts/application (3.9ms)
  Rendered home/_header.html.erb (1.1ms)
Completed 200 OK in 192ms (Views: 189.5ms | ActiveRecord: 0.0ms)


Started GET "/" for 127.0.0.1 at 2017-02-17 09:30:53 -0800
Processing by HomeController#index as HTML
  Rendering home/index.html.erb within layouts/application
  Rendered home/index.html.erb within layouts/application (3.0ms)
  Rendered home/_header.html.erb (2.3ms)
Completed 200 OK in 174ms (Views: 169.0ms | ActiveRecord: 0.0ms)


Started GET "/" for 127.0.0.1 at 2017-02-17 09:30:53 -0800
Processing by HomeController#index as HTML
  Rendering home/index.html.erb within layouts/application
  Rendered home/index.html.erb within layouts/application (1.2ms)
  Rendered home/_header.html.erb (0.9ms)
Completed 200 OK in 185ms (Views: 183.3ms | ActiveRecord: 0.0ms)


Started GET "/" for 127.0.0.1 at 2017-02-17 09:30:53 -0800
Processing by HomeController#index as HTML
  Rendering home/index.html.erb within layouts/application
  Rendered home/index.html.erb within layouts/application (1.1ms)
Started GET "/" for 127.0.0.1 at 2017-02-17 09:30:54 -0800
Processing by HomeController#index as HTML
  Rendered home/_header.html.erb (5.5ms)
Completed 200 OK in 162ms (Views: 157.8ms | ActiveRecord: 0.0ms)


  Rendering home/index.html.erb within layouts/application
  Rendered home/index.html.erb within layouts/application (1.1ms)
  Rendered home/_header.html.erb (4.7ms)
Completed 200 OK in 159ms (Views: 157.5ms | ActiveRecord: 0.0ms)


Started GET "/" for 127.0.0.1 at 2017-02-17 09:32:25 -0800
Processing by HomeController#index as HTML
  Rendering home/index.html.erb within layouts/application
  Rendered home/index.html.erb within layouts/application (2.0ms)
  Rendered home/_header.html.erb (6.5ms)
Completed 200 OK in 174ms (Views: 159.5ms | ActiveRecord: 0.0ms)


Started GET "/" for 127.0.0.1 at 2017-02-17 09:32:31 -0800
Processing by HomeController#index as HTML
  Rendering home/index.html.erb within layouts/application
  Rendered home/index.html.erb within layouts/application (1.4ms)
  Rendered home/_header.html.erb (2.5ms)
Completed 200 OK in 216ms (Views: 213.4ms | ActiveRecord: 0.0ms)


Started GET "/home/about" for 127.0.0.1 at 2017-02-17 09:32:32 -0800
Processing by HomeController#about as HTML
  Rendering home/about.html.erb within layouts/application
  Rendered home/about.html.erb within layouts/application (0.7ms)
  Rendered home/_header.html.erb (5.3ms)
Completed 200 OK in 177ms (Views: 169.4ms | ActiveRecord: 0.0ms)


Started GET "/" for 127.0.0.1 at 2017-02-17 09:32:35 -0800
Processing by HomeController#index as HTML
  Rendering home/index.html.erb within layouts/application
  Rendered home/index.html.erb within layouts/application (1.9ms)
  Rendered home/_header.html.erb (1.9ms)
Completed 200 OK in 189ms (Views: 186.6ms | ActiveRecord: 0.0ms)


Started GET "/" for 127.0.0.1 at 2017-02-17 09:33:09 -0800
Processing by HomeController#index as HTML
  Rendering home/index.html.erb within layouts/application
  Rendered home/index.html.erb within layouts/application (1.8ms)
  Rendered home/_header.html.erb (1.6ms)
Completed 200 OK in 197ms (Views: 194.4ms | ActiveRecord: 0.0ms)


Started GET "/" for 127.0.0.1 at 2017-02-17 09:33:15 -0800
Processing by HomeController#index as HTML
  Rendering home/index.html.erb within layouts/application
  Rendered home/index.html.erb within layouts/application (1.7ms)
  Rendered home/_header.html.erb (3.0ms)
Completed 200 OK in 171ms (Views: 166.8ms | ActiveRecord: 0.0ms)


Started GET "/" for 127.0.0.1 at 2017-02-17 09:33:17 -0800
Processing by HomeController#index as HTML
  Rendering home/index.html.erb within layouts/application
  Rendered home/index.html.erb within layouts/application (1.7ms)
  Rendered home/_header.html.erb (8.3ms)
Completed 200 OK in 226ms (Views: 220.7ms | ActiveRecord: 0.0ms)


Started GET "/home/about" for 127.0.0.1 at 2017-02-17 09:33:19 -0800
Processing by HomeController#about as HTML
  Rendering home/about.html.erb within layouts/application
  Rendered home/about.html.erb within layouts/application (0.9ms)
  Rendered home/_header.html.erb (3.5ms)
Completed 200 OK in 167ms (Views: 164.6ms | ActiveRecord: 0.0ms)


Started GET "/" for 127.0.0.1 at 2017-02-17 09:33:21 -0800
Processing by HomeController#index as HTML
  Rendering home/index.html.erb within layouts/application
  Rendered home/index.html.erb within layouts/application (2.3ms)
  Rendered home/_header.html.erb (5.8ms)
Completed 200 OK in 223ms (Views: 220.0ms | ActiveRecord: 0.0ms)


Started GET "/" for 127.0.0.1 at 2017-02-17 09:34:25 -0800
Processing by HomeController#index as HTML
  Rendering home/index.html.erb within layouts/application
  Rendered home/index.html.erb within layouts/application (1.8ms)
  Rendered home/_header.html.erb (1.8ms)
Completed 200 OK in 181ms (Views: 178.4ms | ActiveRecord: 0.0ms)


Started GET "/" for 127.0.0.1 at 2017-02-17 09:34:28 -0800
Processing by HomeController#index as HTML
  Rendering home/index.html.erb within layouts/application
  Rendered home/index.html.erb within layouts/application (1.2ms)
  Rendered home/_header.html.erb (1.1ms)
Completed 200 OK in 164ms (Views: 161.8ms | ActiveRecord: 0.0ms)


Started GET "/" for 127.0.0.1 at 2017-02-17 09:34:29 -0800
Processing by HomeController#index as HTML
  Rendering home/index.html.erb within layouts/application
  Rendered home/index.html.erb within layouts/application (17.8ms)
  Rendered home/_header.html.erb (4.8ms)
Completed 200 OK in 323ms (Views: 313.4ms | ActiveRecord: 0.0ms)


Started GET "/" for 127.0.0.1 at 2017-02-17 09:34:30 -0800
Processing by HomeController#index as HTML
  Rendering home/index.html.erb within layouts/application
  Rendered home/index.html.erb within layouts/application (13.1ms)
  Rendered home/_header.html.erb (6.3ms)
Completed 200 OK in 256ms (Views: 253.7ms | ActiveRecord: 0.0ms)


Started GET "/" for 127.0.0.1 at 2017-02-17 09:34:31 -0800
Processing by HomeController#index as HTML
  Rendering home/index.html.erb within layouts/application
  Rendered home/index.html.erb within layouts/application (1.5ms)
  Rendered home/_header.html.erb (5.3ms)
Completed 200 OK in 192ms (Views: 189.5ms | ActiveRecord: 0.0ms)


Started GET "/" for 127.0.0.1 at 2017-02-17 09:34:31 -0800
Processing by HomeController#index as HTML
  Rendering home/index.html.erb within layouts/application
  Rendered home/index.html.erb within layouts/application (2.3ms)
  Rendered home/_header.html.erb (1.2ms)
Completed 200 OK in 151ms (Views: 149.5ms | ActiveRecord: 0.0ms)


Started GET "/" for 127.0.0.1 at 2017-02-17 09:34:31 -0800
Processing by HomeController#index as HTML
  Rendering home/index.html.erb within layouts/application
  Rendered home/index.html.erb within layouts/application (1.3ms)
  Rendered home/_header.html.erb (1.7ms)
Completed 200 OK in 204ms (Views: 202.5ms | ActiveRecord: 0.0ms)


Started GET "/" for 127.0.0.1 at 2017-02-17 09:34:32 -0800
Processing by HomeController#index as HTML
  Rendering home/index.html.erb within layouts/application
  Rendered home/index.html.erb within layouts/application (0.9ms)
  Rendered home/_header.html.erb (1.2ms)
Completed 200 OK in 129ms (Views: 127.8ms | ActiveRecord: 0.0ms)


Started GET "/home/about" for 127.0.0.1 at 2017-02-17 09:34:34 -0800
Processing by HomeController#about as HTML
  Rendering home/about.html.erb within layouts/application
  Rendered home/about.html.erb within layouts/application (0.8ms)
  Rendered home/_header.html.erb (1.9ms)
Completed 200 OK in 193ms (Views: 190.1ms | ActiveRecord: 0.0ms)


Started GET "/" for 127.0.0.1 at 2017-02-17 09:34:36 -0800
Processing by HomeController#index as HTML
  Rendering home/index.html.erb within layouts/application
  Rendered home/index.html.erb within layouts/application (10.5ms)
  Rendered home/_header.html.erb (2.0ms)
Completed 200 OK in 246ms (Views: 243.0ms | ActiveRecord: 0.0ms)


Started GET "/" for 127.0.0.1 at 2017-02-17 09:37:33 -0800
Processing by HomeController#index as HTML
  Rendering home/index.html.erb within layouts/application
  Rendered home/index.html.erb within layouts/application (1.6ms)
  Rendered home/_header.html.erb (1.5ms)
Completed 200 OK in 200ms (Views: 193.6ms | ActiveRecord: 0.0ms)


Started GET "/" for 127.0.0.1 at 2017-02-17 09:39:24 -0800
Processing by HomeController#index as HTML
  Rendering home/index.html.erb within layouts/application
  Rendered home/index.html.erb within layouts/application (1.7ms)
  Rendered home/_header.html.erb (2.8ms)
Completed 200 OK in 159ms (Views: 153.3ms | ActiveRecord: 0.0ms)


Started GET "/" for 127.0.0.1 at 2017-02-17 09:39:31 -0800
Processing by HomeController#index as HTML
  Rendering home/index.html.erb within layouts/application
  Rendered home/index.html.erb within layouts/application (1.4ms)
  Rendered home/_header.html.erb (1.5ms)
Completed 200 OK in 178ms (Views: 172.7ms | ActiveRecord: 0.0ms)


Started GET "/" for 127.0.0.1 at 2017-02-17 09:39:32 -0800
Processing by HomeController#index as HTML
  Rendering home/index.html.erb within layouts/application
  Rendered home/index.html.erb within layouts/application (2.6ms)
  Rendered home/_header.html.erb (2.0ms)
Completed 200 OK in 282ms (Views: 274.2ms | ActiveRecord: 0.0ms)


Started GET "/" for 127.0.0.1 at 2017-02-17 09:41:53 -0800
Processing by HomeController#index as HTML
  Rendering home/index.html.erb within layouts/application
  Rendered home/index.html.erb within layouts/application (5.6ms)
  Rendered home/_header.html.erb (2.1ms)
Completed 500 Internal Server Error in 147ms (ActiveRecord: 0.0ms)


  
SyntaxError (/home/sp/workspace/myapp/obrazkowo/app/views/home/_header.html.erb:11: syntax error, unexpected '='
...o "PINTEREST", root_path,class="navbar-brand" );@output_buff...
...                               ^):
  
app/views/home/_header.html.erb:11: syntax error, unexpected '='
app/views/layouts/application.html.erb:12:in `_app_views_layouts_application_html_erb__3345619400843973450_89321860'
  Rendering /var/lib/gems/2.3.0/gems/actionpack-5.0.1/lib/action_dispatch/middleware/templates/rescues/diagnostics.html.erb within rescues/layout
  Rendering /var/lib/gems/2.3.0/gems/actionpack-5.0.1/lib/action_dispatch/middleware/templates/rescues/_source.html.erb
  Rendered /var/lib/gems/2.3.0/gems/actionpack-5.0.1/lib/action_dispatch/middleware/templates/rescues/_source.html.erb (26.8ms)
  Rendering /var/lib/gems/2.3.0/gems/actionpack-5.0.1/lib/action_dispatch/middleware/templates/rescues/_trace.html.erb
  Rendered /var/lib/gems/2.3.0/gems/actionpack-5.0.1/lib/action_dispatch/middleware/templates/rescues/_trace.html.erb (8.1ms)
  Rendering /var/lib/gems/2.3.0/gems/actionpack-5.0.1/lib/action_dispatch/middleware/templates/rescues/_request_and_response.html.erb
  Rendered /var/lib/gems/2.3.0/gems/actionpack-5.0.1/lib/action_dispatch/middleware/templates/rescues/_request_and_response.html.erb (5.2ms)
  Rendered /var/lib/gems/2.3.0/gems/actionpack-5.0.1/lib/action_dispatch/middleware/templates/rescues/diagnostics.html.erb within rescues/layout (97.6ms)
Started GET "/" for 127.0.0.1 at 2017-02-17 09:42:18 -0800
Processing by HomeController#index as HTML
  Rendering home/index.html.erb within layouts/application
  Rendered home/index.html.erb within layouts/application (3.8ms)
  Rendered home/_header.html.erb (1.3ms)
Completed 200 OK in 208ms (Views: 195.6ms | ActiveRecord: 0.0ms)


Started GET "/" for 127.0.0.1 at 2017-02-17 09:42:22 -0800
Processing by HomeController#index as HTML
  Rendering home/index.html.erb within layouts/application
  Rendered home/index.html.erb within layouts/application (1.7ms)
  Rendered home/_header.html.erb (6.0ms)
Completed 200 OK in 220ms (Views: 210.5ms | ActiveRecord: 0.0ms)


Started GET "/home/about" for 127.0.0.1 at 2017-02-17 09:42:24 -0800
Processing by HomeController#about as HTML
  Rendering home/about.html.erb within layouts/application
  Rendered home/about.html.erb within layouts/application (0.7ms)
  Rendered home/_header.html.erb (1.1ms)
Completed 200 OK in 148ms (Views: 146.3ms | ActiveRecord: 0.0ms)


Started GET "/" for 127.0.0.1 at 2017-02-17 09:42:26 -0800
Processing by HomeController#index as HTML
  Rendering home/index.html.erb within layouts/application
  Rendered home/index.html.erb within layouts/application (0.9ms)
  Rendered home/_header.html.erb (4.3ms)
Completed 200 OK in 125ms (Views: 120.5ms | ActiveRecord: 0.0ms)


Started GET "/" for 127.0.0.1 at 2017-02-17 10:47:45 -0800
Processing by HomeController#index as HTML
  Rendering home/index.html.erb within layouts/application
  Rendered home/index.html.erb within layouts/application (0.8ms)
  Rendered home/_header.html.erb (0.8ms)
Completed 200 OK in 78ms (Views: 77.1ms | ActiveRecord: 0.0ms)


Started GET "/articles/1" for 127.0.0.1 at 2017-02-17 11:07:58 -0800
  
ActionController::RoutingError (No route matches [GET] "/articles/1"):
  
actionpack (5.0.1) lib/action_dispatch/middleware/debug_exceptions.rb:53:in `call'
web-console (3.4.0) lib/web_console/middleware.rb:135:in `call_app'
web-console (3.4.0) lib/web_console/middleware.rb:28:in `block in call'
web-console (3.4.0) lib/web_console/middleware.rb:18:in `catch'
web-console (3.4.0) lib/web_console/middleware.rb:18:in `call'
actionpack (5.0.1) lib/action_dispatch/middleware/show_exceptions.rb:31:in `call'
railties (5.0.1) lib/rails/rack/logger.rb:36:in `call_app'
railties (5.0.1) lib/rails/rack/logger.rb:24:in `block in call'
activesupport (5.0.1) lib/active_support/tagged_logging.rb:69:in `block in tagged'
activesupport (5.0.1) lib/active_support/tagged_logging.rb:26:in `tagged'
activesupport (5.0.1) lib/active_support/tagged_logging.rb:69:in `tagged'
railties (5.0.1) lib/rails/rack/logger.rb:24:in `call'
sprockets-rails (3.2.0) lib/sprockets/rails/quiet_assets.rb:13:in `call'
actionpack (5.0.1) lib/action_dispatch/middleware/request_id.rb:24:in `call'
rack (2.0.1) lib/rack/method_override.rb:22:in `call'
rack (2.0.1) lib/rack/runtime.rb:22:in `call'
activesupport (5.0.1) lib/active_support/cache/strategy/local_cache_middleware.rb:28:in `call'
actionpack (5.0.1) lib/action_dispatch/middleware/executor.rb:12:in `call'
actionpack (5.0.1) lib/action_dispatch/middleware/static.rb:136:in `call'
rack (2.0.1) lib/rack/sendfile.rb:111:in `call'
railties (5.0.1) lib/rails/engine.rb:522:in `call'
puma (3.7.0) lib/puma/configuration.rb:226:in `call'
puma (3.7.0) lib/puma/server.rb:578:in `handle_request'
puma (3.7.0) lib/puma/server.rb:415:in `process_client'
puma (3.7.0) lib/puma/server.rb:275:in `block in run'
puma (3.7.0) lib/puma/thread_pool.rb:120:in `block in spawn_thread'
  Rendering /var/lib/gems/2.3.0/gems/actionpack-5.0.1/lib/action_dispatch/middleware/templates/rescues/routing_error.html.erb within rescues/layout
  Rendering /var/lib/gems/2.3.0/gems/actionpack-5.0.1/lib/action_dispatch/middleware/templates/rescues/_trace.html.erb
  Rendered /var/lib/gems/2.3.0/gems/actionpack-5.0.1/lib/action_dispatch/middleware/templates/rescues/_trace.html.erb (10.2ms)
  Rendered collection of /var/lib/gems/2.3.0/gems/actionpack-5.0.1/lib/action_dispatch/middleware/templates/routes/_route.html.erb [4 times] (47.2ms)
  Rendered /var/lib/gems/2.3.0/gems/actionpack-5.0.1/lib/action_dispatch/middleware/templates/routes/_table.html.erb (55.3ms)
  Rendering /var/lib/gems/2.3.0/gems/actionpack-5.0.1/lib/action_dispatch/middleware/templates/rescues/_request_and_response.html.erb
  Rendered /var/lib/gems/2.3.0/gems/actionpack-5.0.1/lib/action_dispatch/middleware/templates/rescues/_request_and_response.html.erb (2.2ms)
  Rendered /var/lib/gems/2.3.0/gems/actionpack-5.0.1/lib/action_dispatch/middleware/templates/rescues/routing_error.html.erb within rescues/layout (235.8ms)
  [1m[35m (10.0ms)[0m  [1m[35mCREATE TABLE "schema_migrations" ("version" varchar NOT NULL PRIMARY KEY)[0m
  [1m[35m (23.3ms)[0m  [1m[35mCREATE TABLE "ar_internal_metadata" ("key" varchar NOT NULL PRIMARY KEY, "value" varchar, "created_at" datetime NOT NULL, "updated_at" datetime NOT NULL)[0m
  [1m[36mActiveRecord::SchemaMigration Load (0.2ms)[0m  [1m[34mSELECT "schema_migrations".* FROM "schema_migrations"[0m
Migrating to DeviseCreateUsers (20170217192825)
  [1m[35m (0.1ms)[0m  [1m[36mbegin transaction[0m
  [1m[35m (10.4ms)[0m  [1m[35mCREATE TABLE "users" ("id" INTEGER PRIMARY KEY AUTOINCREMENT NOT NULL, "email" varchar DEFAULT '' NOT NULL, "encrypted_password" varchar DEFAULT '' NOT NULL, "reset_password_token" varchar, "reset_password_sent_at" datetime, "remember_created_at" datetime, "sign_in_count" integer DEFAULT 0 NOT NULL, "current_sign_in_at" datetime, "last_sign_in_at" datetime, "current_sign_in_ip" varchar, "last_sign_in_ip" varchar, "created_at" datetime NOT NULL, "updated_at" datetime NOT NULL)[0m
  [1m[35m (0.2ms)[0m  [1m[34mselect sqlite_version(*)[0m
  [1m[35m (11.3ms)[0m  [1m[35mCREATE UNIQUE INDEX "index_users_on_email" ON "users" ("email")[0m
  [1m[35m (0.3ms)[0m  [1m[34m            SELECT sql
            FROM sqlite_master
            WHERE name='index_users_on_email' AND type='index'
            UNION ALL
            SELECT sql
            FROM sqlite_temp_master
            WHERE name='index_users_on_email' AND type='index'
[0m
  [1m[35m (0.8ms)[0m  [1m[35mCREATE UNIQUE INDEX "index_users_on_reset_password_token" ON "users" ("reset_password_token")[0m
  [1m[35mSQL (0.7ms)[0m  [1m[32mINSERT INTO "schema_migrations" ("version") VALUES (?)[0m  [["version", "20170217192825"]]
  [1m[35m (11.9ms)[0m  [1m[36mcommit transaction[0m
  [1m[36mActiveRecord::InternalMetadata Load (0.5ms)[0m  [1m[34mSELECT  "ar_internal_metadata".* FROM "ar_internal_metadata" WHERE "ar_internal_metadata"."key" = ? LIMIT ?[0m  [["key", :environment], ["LIMIT", 1]]
  [1m[35m (0.1ms)[0m  [1m[36mbegin transaction[0m
  [1m[35mSQL (4.5ms)[0m  [1m[32mINSERT INTO "ar_internal_metadata" ("key", "value", "created_at", "updated_at") VALUES (?, ?, ?, ?)[0m  [["key", "environment"], ["value", "development"], ["created_at", 2017-02-17 19:28:46 UTC], ["updated_at", 2017-02-17 19:28:46 UTC]]
  [1m[35m (7.3ms)[0m  [1m[36mcommit transaction[0m
  [1m[36mActiveRecord::SchemaMigration Load (0.2ms)[0m  [1m[34mSELECT "schema_migrations".* FROM "schema_migrations"[0m
  [1m[35m (0.2ms)[0m  [1m[34m            SELECT sql
            FROM sqlite_master
            WHERE name='index_users_on_reset_password_token' AND type='index'
            UNION ALL
            SELECT sql
            FROM sqlite_temp_master
            WHERE name='index_users_on_reset_password_token' AND type='index'
[0m
  [1m[35m (0.1ms)[0m  [1m[34m            SELECT sql
            FROM sqlite_master
            WHERE name='index_users_on_email' AND type='index'
            UNION ALL
            SELECT sql
            FROM sqlite_temp_master
            WHERE name='index_users_on_email' AND type='index'
[0m
